{"C:\\Projects\\polysign\\Development\\firepanda\\src\\Firepanda.ts": {"path":"C:\\Projects\\polysign\\Development\\firepanda\\src\\Firepanda.ts","statementMap":{"0":{"start":{"line":37,"column":0},"end":{"line":37,"column":13}},"1":{"start":{"line":44,"column":4},"end":{"line":44,"column":30}},"2":{"start":{"line":48,"column":12},"end":{"line":50,"column":null}},"3":{"start":{"line":49,"column":4},"end":{"line":49,"column":24}},"4":{"start":{"line":52,"column":10},"end":{"line":55,"column":null}},"5":{"start":{"line":53,"column":4},"end":{"line":53,"column":22}},"6":{"start":{"line":57,"column":15},"end":{"line":67,"column":null}},"7":{"start":{"line":59,"column":6},"end":{"line":59,"column":35}},"8":{"start":{"line":60,"column":6},"end":{"line":60,"column":25}},"9":{"start":{"line":63,"column":11},"end":{"line":66,"column":7}},"10":{"start":{"line":64,"column":6},"end":{"line":64,"column":42}},"11":{"start":{"line":65,"column":6},"end":{"line":65,"column":23}},"12":{"start":{"line":63,"column":4},"end":{"line":66,"column":7}},"13":{"start":{"line":69,"column":15},"end":{"line":71,"column":null}},"14":{"start":{"line":70,"column":4},"end":{"line":70,"column":24}},"15":{"start":{"line":73,"column":15},"end":{"line":90,"column":null}},"16":{"start":{"line":74,"column":4},"end":{"line":74,"column":34}},"17":{"start":{"line":75,"column":4},"end":{"line":77,"column":7}},"18":{"start":{"line":76,"column":6},"end":{"line":76,"column":41}},"19":{"start":{"line":80,"column":6},"end":{"line":80,"column":27}},"20":{"start":{"line":82,"column":4},"end":{"line":82,"column":29}},"21":{"start":{"line":84,"column":4},"end":{"line":84,"column":28}},"22":{"start":{"line":86,"column":6},"end":{"line":86,"column":26}},"23":{"start":{"line":89,"column":4},"end":{"line":89,"column":16}},"24":{"start":{"line":91,"column":0},"end":{"line":91,"column":null}},"25":{"start":{"line":37,"column":13},"end":{"line":37,"column":23}},"26":{"start":{"line":94,"column":2},"end":{"line":172,"column":null}},"27":{"start":{"line":95,"column":4},"end":{"line":95,"column":null}},"28":{"start":{"line":95,"column":25},"end":{"line":95,"column":36}},"29":{"start":{"line":104,"column":18},"end":{"line":104,"column":32}},"30":{"start":{"line":105,"column":8},"end":{"line":105,"column":null}},"31":{"start":{"line":98,"column":6},"end":{"line":98,"column":43}},"32":{"start":{"line":99,"column":6},"end":{"line":99,"column":44}},"33":{"start":{"line":106,"column":8},"end":{"line":106,"column":32}},"34":{"start":{"line":107,"column":8},"end":{"line":107,"column":23}},"35":{"start":{"line":110,"column":10},"end":{"line":110,"column":71}},"36":{"start":{"line":111,"column":10},"end":{"line":111,"column":43}},"37":{"start":{"line":113,"column":10},"end":{"line":113,"column":46}},"38":{"start":{"line":117,"column":6},"end":{"line":119,"column":null}},"39":{"start":{"line":118,"column":8},"end":{"line":118,"column":64}},"40":{"start":{"line":121,"column":6},"end":{"line":141,"column":null}},"41":{"start":{"line":121,"column":6},"end":{"line":121,"column":22}},"42":{"start":{"line":122,"column":21},"end":{"line":122,"column":23}},"43":{"start":{"line":123,"column":8},"end":{"line":138,"column":11}},"44":{"start":{"line":126,"column":14},"end":{"line":126,"column":103}},"45":{"start":{"line":127,"column":14},"end":{"line":127,"column":20}},"46":{"start":{"line":129,"column":14},"end":{"line":129,"column":102}},"47":{"start":{"line":130,"column":14},"end":{"line":130,"column":20}},"48":{"start":{"line":132,"column":14},"end":{"line":132,"column":103}},"49":{"start":{"line":133,"column":14},"end":{"line":133,"column":20}},"50":{"start":{"line":135,"column":14},"end":{"line":135,"column":106}},"51":{"start":{"line":136,"column":14},"end":{"line":136,"column":20}},"52":{"start":{"line":140,"column":8},"end":{"line":140,"column":20}},"53":{"start":{"line":143,"column":6},"end":{"line":150,"column":null}},"54":{"start":{"line":144,"column":8},"end":{"line":144,"column":38}},"55":{"start":{"line":152,"column":6},"end":{"line":154,"column":null}},"56":{"start":{"line":153,"column":8},"end":{"line":153,"column":37}},"57":{"start":{"line":162,"column":6},"end":{"line":170,"column":null}},"58":{"start":{"line":169,"column":8},"end":{"line":169,"column":34}},"59":{"start":{"line":171,"column":4},"end":{"line":171,"column":null}},"60":{"start":{"line":93,"column":0},"end":{"line":93,"column":16}}},"fnMap":{"0":{"name":"(anonymous_18)","decl":{"start":{"line":37,"column":0},"end":{"line":37,"column":13}},"loc":{"start":{"line":37,"column":0},"end":{"line":91,"column":null}}},"1":{"name":"Repository","decl":{"start":{"line":43,"column":2},"end":{"line":43,"column":14}},"loc":{"start":{"line":43,"column":69},"end":{"line":46,"column":3}}},"2":{"name":"(anonymous_20)","decl":{"start":{"line":48,"column":2},"end":{"line":48,"column":12}},"loc":{"start":{"line":48,"column":2},"end":{"line":50,"column":3}}},"3":{"name":"(anonymous_21)","decl":{"start":{"line":52,"column":2},"end":{"line":52,"column":10}},"loc":{"start":{"line":52,"column":2},"end":{"line":55,"column":3}}},"4":{"name":"(anonymous_25)","decl":{"start":{"line":63,"column":40},"end":{"line":63,"column":41}},"loc":{"start":{"line":63,"column":94},"end":{"line":66,"column":5}}},"5":{"name":"(anonymous_32)","decl":{"start":{"line":75,"column":30},"end":{"line":75,"column":31}},"loc":{"start":{"line":75,"column":38},"end":{"line":77,"column":5}}},"6":{"name":"Collection","decl":{"start":{"line":93,"column":16},"end":{"line":93,"column":26}},"loc":{"start":{"line":93,"column":51},"end":{"line":173,"column":1}}},"7":{"name":"(anonymous_34)","decl":{"start":{"line":94,"column":9},"end":{"line":94,"column":53}},"loc":{"start":{"line":94,"column":67},"end":{"line":172,"column":3}}},"8":{"name":"(anonymous_35)","decl":{"start":{"line":95,"column":4},"end":{"line":95,"column":11}},"loc":{"start":{"line":95,"column":4},"end":{"line":171,"column":null}}},"9":{"name":"class_1","decl":{"start":{"line":104,"column":6},"end":{"line":104,"column":18}},"loc":{"start":{"line":104,"column":6},"end":{"line":115,"column":7}}},"10":{"name":"(anonymous_37)","decl":{"start":{"line":117,"column":6},"end":{"line":117,"column":17}},"loc":{"start":{"line":117,"column":6},"end":{"line":119,"column":7}}},"11":{"name":"(anonymous_38)","decl":{"start":{"line":121,"column":6},"end":{"line":121,"column":22}},"loc":{"start":{"line":121,"column":6},"end":{"line":141,"column":7}}},"12":{"name":"(anonymous_39)","decl":{"start":{"line":123,"column":51},"end":{"line":123,"column":52}},"loc":{"start":{"line":123,"column":55},"end":{"line":138,"column":9}}},"13":{"name":"(anonymous_40)","decl":{"start":{"line":143,"column":6},"end":{"line":143,"column":22}},"loc":{"start":{"line":143,"column":6},"end":{"line":150,"column":7}}},"14":{"name":"(anonymous_41)","decl":{"start":{"line":152,"column":6},"end":{"line":152,"column":21}},"loc":{"start":{"line":152,"column":6},"end":{"line":154,"column":7}}},"15":{"name":"(anonymous_42)","decl":{"start":{"line":162,"column":6},"end":{"line":162,"column":14}},"loc":{"start":{"line":162,"column":6},"end":{"line":170,"column":7}}}},"branchMap":{"0":{"loc":{"start":{"line":105,"column":8},"end":{"line":105,"column":15}},"type":"binary-expr","locations":[{"start":{"line":105,"column":8},"end":{"line":105,"column":15}},{"start":{"line":105,"column":15},"end":{"line":105,"column":null}}]},"1":{"loc":{"start":{"line":125,"column":12},"end":{"line":127,"column":20}},"type":"switch","locations":[{"start":{"line":125,"column":12},"end":{"line":127,"column":20}},{"start":{"line":128,"column":12},"end":{"line":130,"column":20}},{"start":{"line":131,"column":12},"end":{"line":133,"column":20}},{"start":{"line":134,"column":12},"end":{"line":136,"column":20}}]},"2":{"loc":{"start":{"line":126,"column":63},"end":{"line":126,"column":97}},"type":"cond-expr","locations":[{"start":{"line":126,"column":63},"end":{"line":126,"column":97}},{"start":{"line":126,"column":100},"end":{"line":126,"column":102}}]},"3":{"loc":{"start":{"line":129,"column":63},"end":{"line":129,"column":97}},"type":"cond-expr","locations":[{"start":{"line":129,"column":63},"end":{"line":129,"column":97}},{"start":{"line":129,"column":100},"end":{"line":129,"column":101}}]},"4":{"loc":{"start":{"line":132,"column":63},"end":{"line":132,"column":97}},"type":"cond-expr","locations":[{"start":{"line":132,"column":63},"end":{"line":132,"column":97}},{"start":{"line":132,"column":100},"end":{"line":132,"column":102}}]},"5":{"loc":{"start":{"line":135,"column":63},"end":{"line":135,"column":97}},"type":"cond-expr","locations":[{"start":{"line":135,"column":63},"end":{"line":135,"column":97}},{"start":{"line":135,"column":100},"end":{"line":135,"column":105}}]}},"s":{"0":0,"1":0,"2":0,"3":0,"4":0,"5":0,"6":0,"7":0,"8":0,"9":0,"10":0,"11":0,"12":0,"13":0,"14":0,"15":0,"16":0,"17":0,"18":0,"19":0,"20":0,"21":0,"22":0,"23":0,"24":0,"25":0,"26":0,"27":0,"28":0,"29":0,"30":0,"31":0,"32":0,"33":0,"34":0,"35":0,"36":0,"37":0,"38":0,"39":0,"40":0,"41":0,"42":0,"43":0,"44":0,"45":0,"46":0,"47":0,"48":0,"49":0,"50":0,"51":0,"52":0,"53":0,"54":0,"55":0,"56":0,"57":0,"58":0,"59":0,"60":0},"f":{"0":0,"1":0,"2":0,"3":0,"4":0,"5":0,"6":0,"7":0,"8":0,"9":0,"10":0,"11":0,"12":0,"13":0,"14":0,"15":0},"b":{"0":[0,0],"1":[0,0,0,0],"2":[0,0],"3":[0,0],"4":[0,0],"5":[0,0]}}
}
