TN:
SF:C:\Projects\polysign\Development\firepanda\src\Firepanda.ts
FN:37,(anonymous_18)
FN:43,Repository
FN:48,(anonymous_20)
FN:52,(anonymous_21)
FN:63,(anonymous_25)
FN:75,(anonymous_32)
FN:93,Collection
FN:94,(anonymous_34)
FN:95,(anonymous_35)
FN:104,class_1
FN:117,(anonymous_37)
FN:121,(anonymous_38)
FN:123,(anonymous_39)
FN:143,(anonymous_40)
FN:152,(anonymous_41)
FN:162,(anonymous_42)
FNF:16
FNH:0
FNDA:0,(anonymous_18)
FNDA:0,Repository
FNDA:0,(anonymous_20)
FNDA:0,(anonymous_21)
FNDA:0,(anonymous_25)
FNDA:0,(anonymous_32)
FNDA:0,Collection
FNDA:0,(anonymous_34)
FNDA:0,(anonymous_35)
FNDA:0,class_1
FNDA:0,(anonymous_37)
FNDA:0,(anonymous_38)
FNDA:0,(anonymous_39)
FNDA:0,(anonymous_40)
FNDA:0,(anonymous_41)
FNDA:0,(anonymous_42)
DA:37,0
DA:44,0
DA:48,0
DA:49,0
DA:52,0
DA:53,0
DA:57,0
DA:59,0
DA:60,0
DA:63,0
DA:64,0
DA:65,0
DA:69,0
DA:70,0
DA:73,0
DA:74,0
DA:75,0
DA:76,0
DA:80,0
DA:82,0
DA:84,0
DA:86,0
DA:89,0
DA:91,0
DA:93,0
DA:94,0
DA:95,0
DA:98,0
DA:99,0
DA:104,0
DA:105,0
DA:106,0
DA:107,0
DA:110,0
DA:111,0
DA:113,0
DA:117,0
DA:118,0
DA:121,0
DA:122,0
DA:123,0
DA:126,0
DA:127,0
DA:129,0
DA:130,0
DA:132,0
DA:133,0
DA:135,0
DA:136,0
DA:140,0
DA:143,0
DA:144,0
DA:152,0
DA:153,0
DA:162,0
DA:169,0
DA:171,0
LF:57
LH:0
BRDA:105,0,0,0
BRDA:105,0,1,0
BRDA:125,1,0,0
BRDA:125,1,1,0
BRDA:125,1,2,0
BRDA:125,1,3,0
BRDA:126,2,0,0
BRDA:126,2,1,0
BRDA:129,3,0,0
BRDA:129,3,1,0
BRDA:132,4,0,0
BRDA:132,4,1,0
BRDA:135,5,0,0
BRDA:135,5,1,0
BRF:14
BRH:0
end_of_record
